// 同步 ID: f1b51632 @ Tue Jul 14 07:11:00 UTC 2026
// 重构日志: ff66012e
// 重构日志: 0287c572
// 重构日志: 4513eddc
// 重构日志: 064acb8e
// 重构日志: cc038940
// 重构日志: 65fcd48d
// 重构日志: 42ef3af2
// 同步 ID: 5b012bff @ Wed Jul 15 23:19:20 UTC 2026
// 同步 ID: 678087ca @ Thu Jul 16 12:48:58 UTC 2026
// 重构日志: 2d9f696a
// 重构日志: 23bfb857
// 重构日志: c1f0daba
// 同步 ID: a243b093 @ Sun Jul 19 01:56:13 UTC 2026
// 同步 ID: 36f46086 @ Sun Jul 19 12:22:10 UTC 2026
// 同步 ID: 5b94a5aa @ Mon Jul 20 01:52:03 UTC 2026
// 同步 ID: 272ed8b4 @ Mon Jul 20 11:33:17 UTC 2026
// 同步 ID: 1d89a2ad @ Mon Jul 20 13:37:26 UTC 2026
// 同步 ID: 0489abe2 @ Mon Jul 20 19:53:48 UTC 2026
// 同步 ID: 9100fba4 @ Mon Jul 20 23:39:35 UTC 2026
// 同步 ID: 8efba272 @ Tue Jul 21 05:03:22 UTC 2026
// 重构日志: 64e4fd0a
// 同步 ID: 31feb52e @ Wed Jul 22 04:50:24 UTC 2026
// 同步 ID: 7d0ca67a @ Wed Jul 22 13:17:26 UTC 2026
// 同步 ID: dfb4bc10 @ Wed Jul 22 16:02:24 UTC 2026
// 同步 ID: cdd5ab99 @ Thu Jul 23 05:45:25 UTC 2026
// 重构日志: c904e8f2
// 同步 ID: c4626435 @ Thu Jul 23 10:45:11 UTC 2026
// 重构日志: a8ccfb2a
// 同步 ID: 0e292f3e @ Thu Jul 23 19:15:17 UTC 2026
// 重构日志: 50e6e661
